[2025-04-07 12:07:25] ERROR: error: ValidationError: type is required
[2025-04-07 12:12:08] ERROR: error: ValidationError: type is required, user's email: ayogood18@gmail.com
[2025-04-07 12:12:58] ERROR: error: Error: invalid user type, user's email: ayogood18@gmail.com
[2025-04-07 12:16:42] ERROR: error: Error: invalid user type, user's email: ayogood18@gmail.com
[2025-04-07 12:20:31] ERROR: error: Error: invalid user type, user's email: ayogood18@gmail.com
[2025-04-07 12:23:37] ERROR: error: Error: invalid user type, user's email: ayogood18@gmail.com
[2025-04-07 12:32:36] ERROR: error: Error: type must be admin or user, user's email: ayogood18@gmail.com
[2025-04-07 12:39:06] ERROR: error: Error: type must be admin or user, user's email: ayogood18@gmail.com
[2025-04-07 12:42:48] ERROR: error: ValidationError: type is required, user's email: ayogood18@gmail.com
[2025-04-07 12:59:08] ERROR: error: ValidationError: type is required, user's email: ayogood18@gmail.com
[2025-04-07 12:59:22] ERROR: error: ValidationError: type must be either user or admin, user's email: ayogood18@gmail.com
[2025-04-09 17:37:48] ERROR: Programmer Error: TypeError: Cannot destructure property 'title' of 'req.body' as it is undefined.
    at /home/bambam/Desktop/SAILproject/ts-project/auth/src/routes/postRoutes.ts:10:15
    at Generator.next (<anonymous>)
    at /home/bambam/Desktop/SAILproject/ts-project/auth/src/routes/postRoutes.ts:8:71
    at new Promise (<anonymous>)
    at __awaiter (/home/bambam/Desktop/SAILproject/ts-project/auth/src/routes/postRoutes.ts:4:12)
    at /home/bambam/Desktop/SAILproject/ts-project/auth/src/routes/postRoutes.ts:9:55
    at /home/bambam/Desktop/SAILproject/ts-project/auth/src/utils/asyncHandlers.ts:5:7
    at Layer.handleRequest (/home/bambam/Desktop/SAILproject/ts-project/auth/node_modules/router/lib/layer.js:152:17)
    at next (/home/bambam/Desktop/SAILproject/ts-project/auth/node_modules/router/lib/route.js:157:13)
    at Route.dispatch (/home/bambam/Desktop/SAILproject/ts-project/auth/node_modules/router/lib/route.js:117:3)
[2025-04-09 17:40:02] ERROR: Programmer Error: TypeError: Cannot destructure property 'title' of 'req.body' as it is undefined.
    at /home/bambam/Desktop/SAILproject/ts-project/auth/src/routes/postRoutes.ts:10:15
    at Generator.next (<anonymous>)
    at /home/bambam/Desktop/SAILproject/ts-project/auth/src/routes/postRoutes.ts:8:71
    at new Promise (<anonymous>)
    at __awaiter (/home/bambam/Desktop/SAILproject/ts-project/auth/src/routes/postRoutes.ts:4:12)
    at /home/bambam/Desktop/SAILproject/ts-project/auth/src/routes/postRoutes.ts:9:55
    at /home/bambam/Desktop/SAILproject/ts-project/auth/src/utils/asyncHandlers.ts:5:7
    at Layer.handleRequest (/home/bambam/Desktop/SAILproject/ts-project/auth/node_modules/router/lib/layer.js:152:17)
    at next (/home/bambam/Desktop/SAILproject/ts-project/auth/node_modules/router/lib/route.js:157:13)
    at Route.dispatch (/home/bambam/Desktop/SAILproject/ts-project/auth/node_modules/router/lib/route.js:117:3)
[2025-04-09 17:54:23] ERROR: Programmer Error: TypeError: Cannot read properties of undefined (reading 'error')
    at /home/bambam/Desktop/SAILproject/ts-project/auth/src/controller/postController.ts:8:17
    at Generator.next (<anonymous>)
    at fulfilled (/home/bambam/Desktop/SAILproject/ts-project/auth/src/controller/postController.ts:5:58)
    at processTicksAndRejections (node:internal/process/task_queues:95:5)
[2025-04-09 17:55:30] ERROR: Programmer Error: TypeError: Cannot read properties of undefined (reading 'error')
    at /home/bambam/Desktop/SAILproject/ts-project/auth/src/controller/postController.ts:8:17
    at Generator.next (<anonymous>)
    at fulfilled (/home/bambam/Desktop/SAILproject/ts-project/auth/src/controller/postController.ts:5:58)
    at processTicksAndRejections (node:internal/process/task_queues:95:5)
[2025-04-10 09:11:11] ERROR: Programmer Error: TypeError: Cannot read properties of undefined (reading 'error')
    at /home/bambam/Desktop/SAILproject/ts-project/auth/src/controller/postController.ts:8:17
    at Generator.next (<anonymous>)
    at fulfilled (/home/bambam/Desktop/SAILproject/ts-project/auth/src/controller/postController.ts:5:58)
    at processTicksAndRejections (node:internal/process/task_queues:95:5)
[2025-04-10 09:25:14] ERROR: Programmer Error: TypeError: Cannot read properties of undefined (reading 'error')
    at /home/bambam/Desktop/SAILproject/ts-project/auth/src/controller/postController.ts:8:17
    at Generator.next (<anonymous>)
    at fulfilled (/home/bambam/Desktop/SAILproject/ts-project/auth/src/controller/postController.ts:5:58)
    at processTicksAndRejections (node:internal/process/task_queues:95:5)
[2025-04-10 09:26:07] ERROR: Programmer Error: TypeError: Cannot read properties of undefined (reading 'error')
    at /home/bambam/Desktop/SAILproject/ts-project/auth/src/controller/postController.ts:8:17
    at Generator.next (<anonymous>)
    at fulfilled (/home/bambam/Desktop/SAILproject/ts-project/auth/src/controller/postController.ts:5:58)
    at processTicksAndRejections (node:internal/process/task_queues:95:5)
[2025-04-10 09:28:53] ERROR: Programmer Error: ValidationError: title is required
[2025-04-10 10:26:31] ERROR: Programmer Error: ValidationError: title is required
[2025-04-10 10:28:11] ERROR: Programmer Error: ValidationError: title is required
[2025-04-10 10:28:26] ERROR: Programmer Error: ValidationError: title is required
[2025-04-10 10:32:31] ERROR: Programmer Error: ValidationError: title is required
[2025-04-10 10:43:29] ERROR: Programmer Error: ValidationError: title is required
[2025-04-10 10:43:34] ERROR: Programmer Error: ValidationError: title is required
[2025-04-10 10:44:55] ERROR: Programmer Error: ValidationError: title is required
[2025-04-10 10:45:53] ERROR: Programmer Error: ValidationError: title is required
[2025-04-10 10:48:37] ERROR: Operational Error: invalid input
[2025-04-10 10:51:06] ERROR: Programmer Error: TypeError: Cannot read properties of undefined (reading 'details')
    at /home/bambam/Desktop/SAILproject/ts-project/auth/src/controller/postController.ts:9:30
    at Generator.next (<anonymous>)
    at /home/bambam/Desktop/SAILproject/ts-project/auth/src/controller/postController.ts:8:71
    at new Promise (<anonymous>)
    at __awaiter (/home/bambam/Desktop/SAILproject/ts-project/auth/src/controller/postController.ts:4:12)
    at createNewPost (/home/bambam/Desktop/SAILproject/ts-project/auth/src/controller/postController.ts:6:68)
    at /home/bambam/Desktop/SAILproject/ts-project/auth/src/utils/asyncHandlers.ts:5:7
    at Layer.handleRequest (/home/bambam/Desktop/SAILproject/ts-project/auth/node_modules/router/lib/layer.js:152:17)
    at next (/home/bambam/Desktop/SAILproject/ts-project/auth/node_modules/router/lib/route.js:157:13)
    at Route.dispatch (/home/bambam/Desktop/SAILproject/ts-project/auth/node_modules/router/lib/route.js:117:3)
[2025-04-10 10:51:21] ERROR: Operational Error: invalid input
[2025-04-10 10:57:00] ERROR: Operational Error: invalid input
[2025-04-10 11:01:44] ERROR: Programmer Error: ValidationError: title is required
[2025-04-10 11:02:43] ERROR: Operational Error: invalid input
[2025-04-10 11:06:13] ERROR: Operational Error: not found
[2025-04-10 11:06:15] ERROR: Operational Error: not found
[2025-04-10 11:06:17] ERROR: Operational Error: not found
[2025-04-10 11:06:18] ERROR: Operational Error: not found
[2025-04-10 11:06:18] ERROR: Operational Error: not found
[2025-04-10 11:08:51] ERROR: Operational Error: not found
[2025-04-10 11:13:19] ERROR: Operational Error: not found
[2025-04-10 11:15:11] ERROR: Operational Error: invalid input
[2025-04-10 11:17:03] ERROR: Operational Error: invalid input
[2025-04-10 11:17:22] ERROR: Programmer Error: ValidationError: title can not be empty
[2025-04-10 12:26:19] ERROR: Operational Error: Validation failed
[2025-04-10 12:26:31] ERROR: Operational Error: Validation failed
[2025-04-10 12:29:59] ERROR: Programmer Error: TypeError: Cannot destructure property 'title' of 'req.body' as it is undefined.
    at /home/bambam/Desktop/SAILproject/ts-project/auth/src/controller/postController.ts:9:11
    at Generator.next (<anonymous>)
    at fulfilled (/home/bambam/Desktop/SAILproject/ts-project/auth/src/controller/postController.ts:5:58)
    at processTicksAndRejections (node:internal/process/task_queues:95:5)
[2025-04-10 12:31:44] ERROR: Operational Error: Validation failed
